<?xml version="1.0" encoding="UTF-8"?>
<coverage generated="1553643896326" clover="3.2.0">
  <project timestamp="1553643896326" name="All files">
    <metrics statements="14" coveredstatements="13" conditionals="2" coveredconditionals="2" methods="6" coveredmethods="5" elements="22" coveredelements="20" complexity="0" loc="14" ncloc="14" packages="1" files="1" classes="1">
      <file name="server.js" path="/Users/alexwhite/Desktop/CodeFellows/401/labs/lab-07/lab-07-testing/server.js">
        <metrics statements="14" coveredstatements="13" conditionals="2" coveredconditionals="2" methods="6" coveredmethods="5"/>
        <line num="3" count="1" type="stmt"/>
        <line num="5" count="1" type="stmt"/>
        <line num="7" count="1" type="stmt"/>
        <line num="9" count="1" type="stmt"/>
        <line num="10" count="1" type="stmt"/>
        <line num="14" count="1" type="stmt"/>
        <line num="15" count="0" type="stmt"/>
        <line num="19" count="1" type="stmt"/>
        <line num="20" count="1" type="stmt"/>
        <line num="24" count="1" type="stmt"/>
        <line num="25" count="1" type="stmt"/>
        <line num="31" count="1" type="cond" truecount="2" falsecount="0"/>
        <line num="32" count="1" type="stmt"/>
        <line num="34" count="1" type="stmt"/>
      </file>
    </metrics>
  </project>
</coverage>
