TN:
SF:/Users/alexwhite/Desktop/CodeFellows/401/labs/lab-07/lab-07-testing/server.js
FN:7,(anonymous_0)
FN:9,(anonymous_1)
FN:14,(anonymous_2)
FN:19,(anonymous_3)
FN:24,(anonymous_4)
FN:32,(anonymous_5)
FNF:6
FNH:5
FNDA:1,(anonymous_0)
FNDA:1,(anonymous_1)
FNDA:0,(anonymous_2)
FNDA:1,(anonymous_3)
FNDA:1,(anonymous_4)
FNDA:1,(anonymous_5)
DA:3,1
DA:5,1
DA:7,1
DA:9,1
DA:10,1
DA:14,1
DA:15,0
DA:19,1
DA:20,1
DA:24,1
DA:25,1
DA:31,1
DA:32,1
DA:34,1
LF:14
LH:13
BRDA:31,0,0,1
BRDA:31,0,1,1
BRF:2
BRH:2
end_of_record
